{"D:\\MON_HOC\\PHK-UI-Nhom03N01-ChatWave\\ChatWave\\server\\upload.js": {"path":"D:\\MON_HOC\\PHK-UI-Nhom03N01-ChatWave\\ChatWave\\server\\upload.js","statementMap":{"0":{"start":{"line":1,"column":15},"end":{"line":1,"column":32}},"1":{"start":{"line":2,"column":13},"end":{"line":2,"column":28}},"2":{"start":{"line":5,"column":16},"end":{"line":12,"column":2}},"3":{"start":{"line":7,"column":4},"end":{"line":7,"column":25}},"4":{"start":{"line":10,"column":4},"end":{"line":10,"column":59}},"5":{"start":{"line":15,"column":19},"end":{"line":24,"column":1}},"6":{"start":{"line":16,"column":23},"end":{"line":16,"column":41}},"7":{"start":{"line":17,"column":19},"end":{"line":17,"column":51}},"8":{"start":{"line":18,"column":18},"end":{"line":18,"column":82}},"9":{"start":{"line":20,"column":2},"end":{"line":22,"column":3}},"10":{"start":{"line":21,"column":4},"end":{"line":21,"column":26}},"11":{"start":{"line":23,"column":2},"end":{"line":23,"column":39}},"12":{"start":{"line":26,"column":15},"end":{"line":30,"column":2}},"13":{"start":{"line":32,"column":0},"end":{"line":32,"column":24}}},"fnMap":{"0":{"name":"(anonymous_0)","decl":{"start":{"line":6,"column":15},"end":{"line":6,"column":16}},"loc":{"start":{"line":6,"column":40},"end":{"line":8,"column":3}},"line":6},"1":{"name":"(anonymous_1)","decl":{"start":{"line":9,"column":12},"end":{"line":9,"column":13}},"loc":{"start":{"line":9,"column":37},"end":{"line":11,"column":3}},"line":9},"2":{"name":"(anonymous_2)","decl":{"start":{"line":15,"column":19},"end":{"line":15,"column":20}},"loc":{"start":{"line":15,"column":38},"end":{"line":24,"column":1}},"line":15}},"branchMap":{"0":{"loc":{"start":{"line":20,"column":2},"end":{"line":22,"column":3}},"type":"if","locations":[{"start":{"line":20,"column":2},"end":{"line":22,"column":3}},{"start":{},"end":{}}],"line":20},"1":{"loc":{"start":{"line":20,"column":6},"end":{"line":20,"column":25}},"type":"binary-expr","locations":[{"start":{"line":20,"column":6},"end":{"line":20,"column":14}},{"start":{"line":20,"column":18},"end":{"line":20,"column":25}}],"line":20}},"s":{"0":2,"1":2,"2":2,"3":0,"4":0,"5":2,"6":0,"7":0,"8":0,"9":0,"10":0,"11":0,"12":2,"13":2},"f":{"0":0,"1":0,"2":0},"b":{"0":[0,0],"1":[0,0]},"_coverageSchema":"1a1c01bbd47fc00a2c39e90264f33305004495a9","hash":"456d40c9e2996d990e5bf7d8751e13ccabb272db"}
,"D:\\MON_HOC\\PHK-UI-Nhom03N01-ChatWave\\ChatWave\\server\\controllers\\groupController.js": {"path":"D:\\MON_HOC\\PHK-UI-Nhom03N01-ChatWave\\ChatWave\\server\\controllers\\groupController.js","statementMap":{"0":{"start":{"line":1,"column":13},"end":{"line":1,"column":43}},"1":{"start":{"line":2,"column":14},"end":{"line":2,"column":45}},"2":{"start":{"line":4,"column":0},"end":{"line":48,"column":2}},"3":{"start":{"line":5,"column":2},"end":{"line":47,"column":3}},"4":{"start":{"line":6,"column":43},"end":{"line":6,"column":51}},"5":{"start":{"line":7,"column":4},"end":{"line":7,"column":44}},"6":{"start":{"line":9,"column":4},"end":{"line":11,"column":5}},"7":{"start":{"line":10,"column":6},"end":{"line":10,"column":68}},"8":{"start":{"line":13,"column":4},"end":{"line":17,"column":5}},"9":{"start":{"line":14,"column":6},"end":{"line":16,"column":68}},"10":{"start":{"line":19,"column":18},"end":{"line":24,"column":6}},"11":{"start":{"line":26,"column":4},"end":{"line":26,"column":45}},"12":{"start":{"line":29,"column":23},"end":{"line":29,"column":41}},"13":{"start":{"line":31,"column":4},"end":{"line":31,"column":44}},"14":{"start":{"line":33,"column":4},"end":{"line":41,"column":6}},"15":{"start":{"line":35,"column":8},"end":{"line":39,"column":10}},"16":{"start":{"line":43,"column":4},"end":{"line":43,"column":72}},"17":{"start":{"line":45,"column":4},"end":{"line":45,"column":43}},"18":{"start":{"line":46,"column":4},"end":{"line":46,"column":65}},"19":{"start":{"line":50,"column":0},"end":{"line":102,"column":2}},"20":{"start":{"line":51,"column":2},"end":{"line":101,"column":3}},"21":{"start":{"line":52,"column":46},"end":{"line":52,"column":54}},"22":{"start":{"line":55,"column":18},"end":{"line":55,"column":47}},"23":{"start":{"line":56,"column":4},"end":{"line":59,"column":5}},"24":{"start":{"line":57,"column":6},"end":{"line":57,"column":49}},"25":{"start":{"line":58,"column":6},"end":{"line":58,"column":62}},"26":{"start":{"line":62,"column":26},"end":{"line":62,"column":58}},"27":{"start":{"line":63,"column":4},"end":{"line":68,"column":5}},"28":{"start":{"line":64,"column":6},"end":{"line":64,"column":57}},"29":{"start":{"line":65,"column":6},"end":{"line":67,"column":63}},"30":{"start":{"line":71,"column":25},"end":{"line":71,"column":56}},"31":{"start":{"line":72,"column":4},"end":{"line":75,"column":5}},"32":{"start":{"line":73,"column":6},"end":{"line":73,"column":55}},"33":{"start":{"line":74,"column":6},"end":{"line":74,"column":65}},"34":{"start":{"line":78,"column":4},"end":{"line":83,"column":5}},"35":{"start":{"line":79,"column":6},"end":{"line":79,"column":78}},"36":{"start":{"line":80,"column":6},"end":{"line":82,"column":69}},"37":{"start":{"line":86,"column":4},"end":{"line":86,"column":48}},"38":{"start":{"line":87,"column":4},"end":{"line":87,"column":30}},"39":{"start":{"line":90,"column":4},"end":{"line":95,"column":5}},"40":{"start":{"line":91,"column":6},"end":{"line":91,"column":56}},"41":{"start":{"line":93,"column":6},"end":{"line":93,"column":70}},"42":{"start":{"line":94,"column":6},"end":{"line":94,"column":78}},"43":{"start":{"line":97,"column":4},"end":{"line":97,"column":55}},"44":{"start":{"line":98,"column":4},"end":{"line":100,"column":65}},"45":{"start":{"line":104,"column":0},"end":{"line":146,"column":2}},"46":{"start":{"line":105,"column":2},"end":{"line":145,"column":3}},"47":{"start":{"line":106,"column":32},"end":{"line":106,"column":40}},"48":{"start":{"line":109,"column":17},"end":{"line":109,"column":44}},"49":{"start":{"line":110,"column":4},"end":{"line":112,"column":5}},"50":{"start":{"line":111,"column":6},"end":{"line":111,"column":61}},"51":{"start":{"line":115,"column":18},"end":{"line":115,"column":47}},"52":{"start":{"line":116,"column":4},"end":{"line":118,"column":5}},"53":{"start":{"line":117,"column":6},"end":{"line":117,"column":62}},"54":{"start":{"line":121,"column":4},"end":{"line":125,"column":5}},"55":{"start":{"line":122,"column":6},"end":{"line":124,"column":66}},"56":{"start":{"line":128,"column":4},"end":{"line":128,"column":31}},"57":{"start":{"line":129,"column":4},"end":{"line":129,"column":23}},"58":{"start":{"line":132,"column":4},"end":{"line":132,"column":30}},"59":{"start":{"line":135,"column":4},"end":{"line":137,"column":6}},"60":{"start":{"line":136,"column":22},"end":{"line":136,"column":66}},"61":{"start":{"line":140,"column":4},"end":{"line":140,"column":22}},"62":{"start":{"line":142,"column":4},"end":{"line":142,"column":58}},"63":{"start":{"line":144,"column":4},"end":{"line":144,"column":13}},"64":{"start":{"line":148,"column":0},"end":{"line":166,"column":2}},"65":{"start":{"line":149,"column":2},"end":{"line":165,"column":3}},"66":{"start":{"line":150,"column":32},"end":{"line":150,"column":40}},"67":{"start":{"line":152,"column":17},"end":{"line":152,"column":44}},"68":{"start":{"line":153,"column":4},"end":{"line":155,"column":5}},"69":{"start":{"line":154,"column":6},"end":{"line":154,"column":61}},"70":{"start":{"line":157,"column":4},"end":{"line":159,"column":6}},"71":{"start":{"line":158,"column":22},"end":{"line":158,"column":44}},"72":{"start":{"line":160,"column":4},"end":{"line":160,"column":22}},"73":{"start":{"line":162,"column":4},"end":{"line":162,"column":58}},"74":{"start":{"line":164,"column":4},"end":{"line":164,"column":13}}},"fnMap":{"0":{"name":"(anonymous_0)","decl":{"start":{"line":4,"column":29},"end":{"line":4,"column":30}},"loc":{"start":{"line":4,"column":55},"end":{"line":48,"column":1}},"line":4},"1":{"name":"(anonymous_1)","decl":{"start":{"line":34,"column":18},"end":{"line":34,"column":19}},"loc":{"start":{"line":34,"column":38},"end":{"line":40,"column":7}},"line":34},"2":{"name":"(anonymous_2)","decl":{"start":{"line":50,"column":37},"end":{"line":50,"column":38}},"loc":{"start":{"line":50,"column":63},"end":{"line":102,"column":1}},"line":50},"3":{"name":"(anonymous_3)","decl":{"start":{"line":104,"column":39},"end":{"line":104,"column":40}},"loc":{"start":{"line":104,"column":65},"end":{"line":146,"column":1}},"line":104},"4":{"name":"(anonymous_4)","decl":{"start":{"line":136,"column":6},"end":{"line":136,"column":7}},"loc":{"start":{"line":136,"column":22},"end":{"line":136,"column":66}},"line":136},"5":{"name":"(anonymous_5)","decl":{"start":{"line":148,"column":40},"end":{"line":148,"column":41}},"loc":{"start":{"line":148,"column":66},"end":{"line":166,"column":1}},"line":148},"6":{"name":"(anonymous_6)","decl":{"start":{"line":158,"column":6},"end":{"line":158,"column":7}},"loc":{"start":{"line":158,"column":22},"end":{"line":158,"column":44}},"line":158}},"branchMap":{"0":{"loc":{"start":{"line":9,"column":4},"end":{"line":11,"column":5}},"type":"if","locations":[{"start":{"line":9,"column":4},"end":{"line":11,"column":5}},{"start":{},"end":{}}],"line":9},"1":{"loc":{"start":{"line":13,"column":4},"end":{"line":17,"column":5}},"type":"if","locations":[{"start":{"line":13,"column":4},"end":{"line":17,"column":5}},{"start":{},"end":{}}],"line":13},"2":{"loc":{"start":{"line":13,"column":8},"end":{"line":13,"column":55}},"type":"binary-expr","locations":[{"start":{"line":13,"column":8},"end":{"line":13,"column":31}},{"start":{"line":13,"column":35},"end":{"line":13,"column":55}}],"line":13},"3":{"loc":{"start":{"line":56,"column":4},"end":{"line":59,"column":5}},"type":"if","locations":[{"start":{"line":56,"column":4},"end":{"line":59,"column":5}},{"start":{},"end":{}}],"line":56},"4":{"loc":{"start":{"line":63,"column":4},"end":{"line":68,"column":5}},"type":"if","locations":[{"start":{"line":63,"column":4},"end":{"line":68,"column":5}},{"start":{},"end":{}}],"line":63},"5":{"loc":{"start":{"line":72,"column":4},"end":{"line":75,"column":5}},"type":"if","locations":[{"start":{"line":72,"column":4},"end":{"line":75,"column":5}},{"start":{},"end":{}}],"line":72},"6":{"loc":{"start":{"line":78,"column":4},"end":{"line":83,"column":5}},"type":"if","locations":[{"start":{"line":78,"column":4},"end":{"line":83,"column":5}},{"start":{},"end":{}}],"line":78},"7":{"loc":{"start":{"line":90,"column":4},"end":{"line":95,"column":5}},"type":"if","locations":[{"start":{"line":90,"column":4},"end":{"line":95,"column":5}},{"start":{"line":92,"column":11},"end":{"line":95,"column":5}}],"line":90},"8":{"loc":{"start":{"line":110,"column":4},"end":{"line":112,"column":5}},"type":"if","locations":[{"start":{"line":110,"column":4},"end":{"line":112,"column":5}},{"start":{},"end":{}}],"line":110},"9":{"loc":{"start":{"line":116,"column":4},"end":{"line":118,"column":5}},"type":"if","locations":[{"start":{"line":116,"column":4},"end":{"line":118,"column":5}},{"start":{},"end":{}}],"line":116},"10":{"loc":{"start":{"line":121,"column":4},"end":{"line":125,"column":5}},"type":"if","locations":[{"start":{"line":121,"column":4},"end":{"line":125,"column":5}},{"start":{},"end":{}}],"line":121},"11":{"loc":{"start":{"line":153,"column":4},"end":{"line":155,"column":5}},"type":"if","locations":[{"start":{"line":153,"column":4},"end":{"line":155,"column":5}},{"start":{},"end":{}}],"line":153}},"s":{"0":4,"1":4,"2":4,"3":3,"4":3,"5":3,"6":3,"7":1,"8":2,"9":1,"10":1,"11":1,"12":1,"13":1,"14":1,"15":2,"16":1,"17":0,"18":0,"19":4,"20":5,"21":5,"22":5,"23":5,"24":1,"25":1,"26":4,"27":4,"28":1,"29":1,"30":3,"31":3,"32":1,"33":1,"34":2,"35":1,"36":1,"37":1,"38":1,"39":0,"40":0,"41":0,"42":0,"43":1,"44":1,"45":4,"46":0,"47":0,"48":0,"49":0,"50":0,"51":0,"52":0,"53":0,"54":0,"55":0,"56":0,"57":0,"58":0,"59":0,"60":0,"61":0,"62":0,"63":0,"64":4,"65":0,"66":0,"67":0,"68":0,"69":0,"70":0,"71":0,"72":0,"73":0,"74":0},"f":{"0":3,"1":2,"2":5,"3":0,"4":0,"5":0,"6":0},"b":{"0":[1,2],"1":[1,1],"2":[2,1],"3":[1,4],"4":[1,3],"5":[1,2],"6":[1,1],"7":[0,0],"8":[0,0],"9":[0,0],"10":[0,0],"11":[0,0]},"_coverageSchema":"1a1c01bbd47fc00a2c39e90264f33305004495a9","hash":"fa274535302620ea978732addc976c1aefdca8cc"}
,"D:\\MON_HOC\\PHK-UI-Nhom03N01-ChatWave\\ChatWave\\server\\controllers\\messageController.js": {"path":"D:\\MON_HOC\\PHK-UI-Nhom03N01-ChatWave\\ChatWave\\server\\controllers\\messageController.js","statementMap":{"0":{"start":{"line":1,"column":17},"end":{"line":1,"column":36}},"1":{"start":{"line":2,"column":17},"end":{"line":2,"column":50}},"2":{"start":{"line":3,"column":15},"end":{"line":3,"column":35}},"3":{"start":{"line":6,"column":0},"end":{"line":45,"column":2}},"4":{"start":{"line":7,"column":2},"end":{"line":44,"column":3}},"5":{"start":{"line":8,"column":25},"end":{"line":8,"column":34}},"6":{"start":{"line":9,"column":4},"end":{"line":9,"column":51}},"7":{"start":{"line":12,"column":4},"end":{"line":19,"column":5}},"8":{"start":{"line":16,"column":6},"end":{"line":18,"column":62}},"9":{"start":{"line":21,"column":21},"end":{"line":26,"column":29}},"10":{"start":{"line":28,"column":4},"end":{"line":28,"column":45}},"11":{"start":{"line":29,"column":30},"end":{"line":34,"column":6}},"12":{"start":{"line":30,"column":6},"end":{"line":33,"column":8}},"13":{"start":{"line":36,"column":4},"end":{"line":36,"column":58}},"14":{"start":{"line":38,"column":4},"end":{"line":38,"column":32}},"15":{"start":{"line":40,"column":4},"end":{"line":40,"column":55}},"16":{"start":{"line":41,"column":4},"end":{"line":43,"column":76}},"17":{"start":{"line":48,"column":0},"end":{"line":69,"column":2}},"18":{"start":{"line":49,"column":2},"end":{"line":68,"column":3}},"19":{"start":{"line":50,"column":38},"end":{"line":50,"column":46}},"20":{"start":{"line":51,"column":4},"end":{"line":53,"column":5}},"21":{"start":{"line":52,"column":6},"end":{"line":52,"column":70}},"22":{"start":{"line":54,"column":17},"end":{"line":58,"column":6}},"23":{"start":{"line":60,"column":4},"end":{"line":61,"column":75}},"24":{"start":{"line":60,"column":14},"end":{"line":60,"column":70}},"25":{"start":{"line":61,"column":9},"end":{"line":61,"column":75}},"26":{"start":{"line":63,"column":4},"end":{"line":63,"column":47}},"27":{"start":{"line":64,"column":4},"end":{"line":67,"column":7}},"28":{"start":{"line":72,"column":0},"end":{"line":88,"column":2}},"29":{"start":{"line":73,"column":2},"end":{"line":87,"column":3}},"30":{"start":{"line":74,"column":4},"end":{"line":78,"column":5}},"31":{"start":{"line":75,"column":6},"end":{"line":77,"column":62}},"32":{"start":{"line":81,"column":20},"end":{"line":81,"column":51}},"33":{"start":{"line":83,"column":4},"end":{"line":83,"column":47}},"34":{"start":{"line":85,"column":4},"end":{"line":85,"column":51}},"35":{"start":{"line":86,"column":4},"end":{"line":86,"column":70}}},"fnMap":{"0":{"name":"(anonymous_0)","decl":{"start":{"line":6,"column":29},"end":{"line":6,"column":30}},"loc":{"start":{"line":6,"column":49},"end":{"line":45,"column":1}},"line":6},"1":{"name":"(anonymous_1)","decl":{"start":{"line":29,"column":43},"end":{"line":29,"column":44}},"loc":{"start":{"line":29,"column":52},"end":{"line":34,"column":5}},"line":29},"2":{"name":"(anonymous_2)","decl":{"start":{"line":48,"column":28},"end":{"line":48,"column":29}},"loc":{"start":{"line":48,"column":54},"end":{"line":69,"column":1}},"line":48},"3":{"name":"(anonymous_3)","decl":{"start":{"line":72,"column":29},"end":{"line":72,"column":30}},"loc":{"start":{"line":72,"column":49},"end":{"line":88,"column":1}},"line":72}},"branchMap":{"0":{"loc":{"start":{"line":12,"column":4},"end":{"line":19,"column":5}},"type":"if","locations":[{"start":{"line":12,"column":4},"end":{"line":19,"column":5}},{"start":{},"end":{}}],"line":12},"1":{"loc":{"start":{"line":13,"column":6},"end":{"line":14,"column":42}},"type":"binary-expr","locations":[{"start":{"line":13,"column":6},"end":{"line":13,"column":44}},{"start":{"line":14,"column":6},"end":{"line":14,"column":42}}],"line":13},"2":{"loc":{"start":{"line":51,"column":4},"end":{"line":53,"column":5}},"type":"if","locations":[{"start":{"line":51,"column":4},"end":{"line":53,"column":5}},{"start":{},"end":{}}],"line":51},"3":{"loc":{"start":{"line":51,"column":8},"end":{"line":51,"column":29}},"type":"binary-expr","locations":[{"start":{"line":51,"column":8},"end":{"line":51,"column":13}},{"start":{"line":51,"column":17},"end":{"line":51,"column":20}},{"start":{"line":51,"column":24},"end":{"line":51,"column":29}}],"line":51},"4":{"loc":{"start":{"line":55,"column":36},"end":{"line":55,"column":49}},"type":"binary-expr","locations":[{"start":{"line":55,"column":36},"end":{"line":55,"column":41}},{"start":{"line":55,"column":45},"end":{"line":55,"column":49}}],"line":55},"5":{"loc":{"start":{"line":60,"column":4},"end":{"line":61,"column":75}},"type":"if","locations":[{"start":{"line":60,"column":4},"end":{"line":61,"column":75}},{"start":{"line":61,"column":9},"end":{"line":61,"column":75}}],"line":60},"6":{"loc":{"start":{"line":74,"column":4},"end":{"line":78,"column":5}},"type":"if","locations":[{"start":{"line":74,"column":4},"end":{"line":78,"column":5}},{"start":{},"end":{}}],"line":74}},"s":{"0":2,"1":2,"2":2,"3":2,"4":3,"5":3,"6":3,"7":3,"8":1,"9":2,"10":2,"11":2,"12":2,"13":2,"14":2,"15":0,"16":0,"17":2,"18":3,"19":3,"20":3,"21":1,"22":2,"23":1,"24":1,"25":0,"26":1,"27":1,"28":2,"29":0,"30":0,"31":0,"32":0,"33":0,"34":0,"35":0},"f":{"0":3,"1":2,"2":3,"3":0},"b":{"0":[1,2],"1":[3,2],"2":[1,2],"3":[3,3,3],"4":[2,2],"5":[1,0],"6":[0,0]},"_coverageSchema":"1a1c01bbd47fc00a2c39e90264f33305004495a9","hash":"bd2db712d6cbca714990a048d8d0e1eb8f177e98"}
,"D:\\MON_HOC\\PHK-UI-Nhom03N01-ChatWave\\ChatWave\\server\\controllers\\userController.js": {"path":"D:\\MON_HOC\\PHK-UI-Nhom03N01-ChatWave\\ChatWave\\server\\controllers\\userController.js","statementMap":{"0":{"start":{"line":1,"column":13},"end":{"line":1,"column":43}},"1":{"start":{"line":2,"column":14},"end":{"line":2,"column":45}},"2":{"start":{"line":3,"column":15},"end":{"line":3,"column":32}},"3":{"start":{"line":5,"column":0},"end":{"line":28,"column":2}},"4":{"start":{"line":6,"column":2},"end":{"line":27,"column":3}},"5":{"start":{"line":7,"column":32},"end":{"line":7,"column":40}},"6":{"start":{"line":8,"column":4},"end":{"line":8,"column":54}},"7":{"start":{"line":9,"column":17},"end":{"line":9,"column":46}},"8":{"start":{"line":10,"column":4},"end":{"line":10,"column":37}},"9":{"start":{"line":11,"column":4},"end":{"line":15,"column":9}},"10":{"start":{"line":12,"column":6},"end":{"line":15,"column":9}},"11":{"start":{"line":16,"column":28},"end":{"line":16,"column":73}},"12":{"start":{"line":17,"column":4},"end":{"line":21,"column":9}},"13":{"start":{"line":18,"column":6},"end":{"line":21,"column":9}},"14":{"start":{"line":22,"column":25},"end":{"line":22,"column":40}},"15":{"start":{"line":23,"column":4},"end":{"line":23,"column":33}},"16":{"start":{"line":24,"column":4},"end":{"line":24,"column":58}},"17":{"start":{"line":26,"column":4},"end":{"line":26,"column":13}},"18":{"start":{"line":30,"column":0},"end":{"line":70,"column":2}},"19":{"start":{"line":31,"column":2},"end":{"line":69,"column":3}},"20":{"start":{"line":32,"column":49},"end":{"line":32,"column":57}},"21":{"start":{"line":35,"column":4},"end":{"line":39,"column":5}},"22":{"start":{"line":36,"column":6},"end":{"line":38,"column":62}},"23":{"start":{"line":42,"column":26},"end":{"line":42,"column":58}},"24":{"start":{"line":43,"column":4},"end":{"line":47,"column":5}},"25":{"start":{"line":44,"column":6},"end":{"line":46,"column":63}},"26":{"start":{"line":50,"column":23},"end":{"line":50,"column":52}},"27":{"start":{"line":51,"column":4},"end":{"line":53,"column":5}},"28":{"start":{"line":52,"column":6},"end":{"line":52,"column":78}},"29":{"start":{"line":56,"column":27},"end":{"line":56,"column":58}},"30":{"start":{"line":57,"column":17},"end":{"line":62,"column":6}},"31":{"start":{"line":65,"column":4},"end":{"line":65,"column":25}},"32":{"start":{"line":66,"column":4},"end":{"line":66,"column":56}},"33":{"start":{"line":68,"column":4},"end":{"line":68,"column":13}},"34":{"start":{"line":72,"column":0},"end":{"line":84,"column":2}},"35":{"start":{"line":73,"column":2},"end":{"line":83,"column":3}},"36":{"start":{"line":74,"column":18},"end":{"line":79,"column":6}},"37":{"start":{"line":80,"column":4},"end":{"line":80,"column":27}},"38":{"start":{"line":82,"column":4},"end":{"line":82,"column":13}},"39":{"start":{"line":86,"column":0},"end":{"line":106,"column":2}},"40":{"start":{"line":87,"column":2},"end":{"line":105,"column":3}},"41":{"start":{"line":88,"column":19},"end":{"line":88,"column":32}},"42":{"start":{"line":89,"column":4},"end":{"line":89,"column":34}},"43":{"start":{"line":90,"column":24},"end":{"line":90,"column":38}},"44":{"start":{"line":91,"column":21},"end":{"line":98,"column":5}},"45":{"start":{"line":99,"column":4},"end":{"line":102,"column":7}},"46":{"start":{"line":104,"column":4},"end":{"line":104,"column":13}},"47":{"start":{"line":108,"column":0},"end":{"line":116,"column":2}},"48":{"start":{"line":109,"column":2},"end":{"line":115,"column":3}},"49":{"start":{"line":110,"column":4},"end":{"line":110,"column":73}},"50":{"start":{"line":110,"column":24},"end":{"line":110,"column":73}},"51":{"start":{"line":111,"column":4},"end":{"line":111,"column":38}},"52":{"start":{"line":112,"column":4},"end":{"line":112,"column":34}},"53":{"start":{"line":114,"column":4},"end":{"line":114,"column":13}},"54":{"start":{"line":118,"column":0},"end":{"line":150,"column":2}},"55":{"start":{"line":119,"column":2},"end":{"line":149,"column":3}},"56":{"start":{"line":120,"column":19},"end":{"line":120,"column":32}},"57":{"start":{"line":121,"column":4},"end":{"line":121,"column":34}},"58":{"start":{"line":123,"column":17},"end":{"line":140,"column":63}},"59":{"start":{"line":142,"column":4},"end":{"line":144,"column":5}},"60":{"start":{"line":143,"column":6},"end":{"line":143,"column":64}},"61":{"start":{"line":146,"column":4},"end":{"line":146,"column":44}},"62":{"start":{"line":148,"column":4},"end":{"line":148,"column":13}},"63":{"start":{"line":152,"column":0},"end":{"line":182,"column":2}},"64":{"start":{"line":153,"column":2},"end":{"line":181,"column":3}},"65":{"start":{"line":154,"column":19},"end":{"line":154,"column":32}},"66":{"start":{"line":155,"column":67},"end":{"line":155,"column":75}},"67":{"start":{"line":158,"column":24},"end":{"line":169,"column":5}},"68":{"start":{"line":171,"column":4},"end":{"line":175,"column":5}},"69":{"start":{"line":172,"column":6},"end":{"line":174,"column":61}},"70":{"start":{"line":177,"column":4},"end":{"line":177,"column":63}},"71":{"start":{"line":179,"column":4},"end":{"line":179,"column":25}},"72":{"start":{"line":180,"column":4},"end":{"line":180,"column":70}},"73":{"start":{"line":184,"column":0},"end":{"line":209,"column":2}},"74":{"start":{"line":185,"column":2},"end":{"line":208,"column":3}},"75":{"start":{"line":186,"column":33},"end":{"line":186,"column":41}},"76":{"start":{"line":187,"column":17},"end":{"line":187,"column":44}},"77":{"start":{"line":188,"column":19},"end":{"line":188,"column":48}},"78":{"start":{"line":190,"column":4},"end":{"line":190,"column":72}},"79":{"start":{"line":190,"column":17},"end":{"line":190,"column":72}},"80":{"start":{"line":192,"column":4},"end":{"line":194,"column":5}},"81":{"start":{"line":193,"column":6},"end":{"line":193,"column":74}},"82":{"start":{"line":196,"column":4},"end":{"line":200,"column":5}},"83":{"start":{"line":197,"column":6},"end":{"line":199,"column":71}},"84":{"start":{"line":202,"column":4},"end":{"line":202,"column":39}},"85":{"start":{"line":203,"column":4},"end":{"line":203,"column":24}},"86":{"start":{"line":205,"column":4},"end":{"line":205,"column":52}},"87":{"start":{"line":207,"column":4},"end":{"line":207,"column":13}},"88":{"start":{"line":212,"column":0},"end":{"line":235,"column":2}},"89":{"start":{"line":213,"column":2},"end":{"line":234,"column":3}},"90":{"start":{"line":214,"column":33},"end":{"line":214,"column":41}},"91":{"start":{"line":215,"column":17},"end":{"line":215,"column":44}},"92":{"start":{"line":216,"column":19},"end":{"line":216,"column":48}},"93":{"start":{"line":218,"column":4},"end":{"line":220,"column":5}},"94":{"start":{"line":219,"column":6},"end":{"line":219,"column":79}},"95":{"start":{"line":222,"column":4},"end":{"line":224,"column":6}},"96":{"start":{"line":223,"column":14},"end":{"line":223,"column":40}},"97":{"start":{"line":225,"column":4},"end":{"line":225,"column":32}},"98":{"start":{"line":226,"column":4},"end":{"line":226,"column":32}},"99":{"start":{"line":228,"column":4},"end":{"line":228,"column":22}},"100":{"start":{"line":229,"column":4},"end":{"line":229,"column":24}},"101":{"start":{"line":231,"column":4},"end":{"line":231,"column":56}},"102":{"start":{"line":233,"column":4},"end":{"line":233,"column":13}},"103":{"start":{"line":238,"column":0},"end":{"line":257,"column":2}},"104":{"start":{"line":239,"column":2},"end":{"line":256,"column":3}},"105":{"start":{"line":240,"column":33},"end":{"line":240,"column":41}},"106":{"start":{"line":241,"column":17},"end":{"line":241,"column":44}},"107":{"start":{"line":243,"column":4},"end":{"line":245,"column":5}},"108":{"start":{"line":244,"column":6},"end":{"line":244,"column":79}},"109":{"start":{"line":247,"column":4},"end":{"line":249,"column":6}},"110":{"start":{"line":248,"column":14},"end":{"line":248,"column":40}},"111":{"start":{"line":251,"column":4},"end":{"line":251,"column":22}},"112":{"start":{"line":253,"column":4},"end":{"line":253,"column":56}},"113":{"start":{"line":255,"column":4},"end":{"line":255,"column":13}},"114":{"start":{"line":260,"column":0},"end":{"line":279,"column":2}},"115":{"start":{"line":261,"column":2},"end":{"line":278,"column":3}},"116":{"start":{"line":262,"column":19},"end":{"line":262,"column":32}},"117":{"start":{"line":264,"column":17},"end":{"line":267,"column":5}},"118":{"start":{"line":269,"column":4},"end":{"line":271,"column":5}},"119":{"start":{"line":270,"column":6},"end":{"line":270,"column":64}},"120":{"start":{"line":273,"column":27},"end":{"line":273,"column":46}},"121":{"start":{"line":275,"column":4},"end":{"line":275,"column":54}},"122":{"start":{"line":277,"column":4},"end":{"line":277,"column":13}},"123":{"start":{"line":281,"column":0},"end":{"line":304,"column":2}},"124":{"start":{"line":282,"column":2},"end":{"line":303,"column":3}},"125":{"start":{"line":283,"column":22},"end":{"line":283,"column":30}},"126":{"start":{"line":286,"column":4},"end":{"line":288,"column":5}},"127":{"start":{"line":287,"column":6},"end":{"line":287,"column":71}},"128":{"start":{"line":291,"column":17},"end":{"line":293,"column":5}},"129":{"start":{"line":295,"column":4},"end":{"line":297,"column":5}},"130":{"start":{"line":296,"column":6},"end":{"line":296,"column":61}},"131":{"start":{"line":300,"column":4},"end":{"line":300,"column":44}},"132":{"start":{"line":302,"column":4},"end":{"line":302,"column":13}}},"fnMap":{"0":{"name":"(anonymous_0)","decl":{"start":{"line":5,"column":23},"end":{"line":5,"column":24}},"loc":{"start":{"line":5,"column":49},"end":{"line":28,"column":1}},"line":5},"1":{"name":"(anonymous_1)","decl":{"start":{"line":30,"column":26},"end":{"line":30,"column":27}},"loc":{"start":{"line":30,"column":52},"end":{"line":70,"column":1}},"line":30},"2":{"name":"(anonymous_2)","decl":{"start":{"line":72,"column":29},"end":{"line":72,"column":30}},"loc":{"start":{"line":72,"column":55},"end":{"line":84,"column":1}},"line":72},"3":{"name":"(anonymous_3)","decl":{"start":{"line":86,"column":27},"end":{"line":86,"column":28}},"loc":{"start":{"line":86,"column":53},"end":{"line":106,"column":1}},"line":86},"4":{"name":"(anonymous_4)","decl":{"start":{"line":108,"column":24},"end":{"line":108,"column":25}},"loc":{"start":{"line":108,"column":44},"end":{"line":116,"column":1}},"line":108},"5":{"name":"(anonymous_5)","decl":{"start":{"line":118,"column":32},"end":{"line":118,"column":33}},"loc":{"start":{"line":118,"column":58},"end":{"line":150,"column":1}},"line":118},"6":{"name":"(anonymous_6)","decl":{"start":{"line":152,"column":28},"end":{"line":152,"column":29}},"loc":{"start":{"line":152,"column":48},"end":{"line":182,"column":1}},"line":152},"7":{"name":"(anonymous_7)","decl":{"start":{"line":184,"column":35},"end":{"line":184,"column":36}},"loc":{"start":{"line":184,"column":61},"end":{"line":209,"column":1}},"line":184},"8":{"name":"(anonymous_8)","decl":{"start":{"line":212,"column":37},"end":{"line":212,"column":38}},"loc":{"start":{"line":212,"column":63},"end":{"line":235,"column":1}},"line":212},"9":{"name":"(anonymous_9)","decl":{"start":{"line":223,"column":6},"end":{"line":223,"column":7}},"loc":{"start":{"line":223,"column":14},"end":{"line":223,"column":40}},"line":223},"10":{"name":"(anonymous_10)","decl":{"start":{"line":238,"column":37},"end":{"line":238,"column":38}},"loc":{"start":{"line":238,"column":63},"end":{"line":257,"column":1}},"line":238},"11":{"name":"(anonymous_11)","decl":{"start":{"line":248,"column":6},"end":{"line":248,"column":7}},"loc":{"start":{"line":248,"column":14},"end":{"line":248,"column":40}},"line":248},"12":{"name":"(anonymous_12)","decl":{"start":{"line":260,"column":35},"end":{"line":260,"column":36}},"loc":{"start":{"line":260,"column":61},"end":{"line":279,"column":1}},"line":260},"13":{"name":"(anonymous_13)","decl":{"start":{"line":281,"column":37},"end":{"line":281,"column":38}},"loc":{"start":{"line":281,"column":63},"end":{"line":304,"column":1}},"line":281}},"branchMap":{"0":{"loc":{"start":{"line":11,"column":4},"end":{"line":15,"column":9}},"type":"if","locations":[{"start":{"line":11,"column":4},"end":{"line":15,"column":9}},{"start":{},"end":{}}],"line":11},"1":{"loc":{"start":{"line":17,"column":4},"end":{"line":21,"column":9}},"type":"if","locations":[{"start":{"line":17,"column":4},"end":{"line":21,"column":9}},{"start":{},"end":{}}],"line":17},"2":{"loc":{"start":{"line":35,"column":4},"end":{"line":39,"column":5}},"type":"if","locations":[{"start":{"line":35,"column":4},"end":{"line":39,"column":5}},{"start":{},"end":{}}],"line":35},"3":{"loc":{"start":{"line":43,"column":4},"end":{"line":47,"column":5}},"type":"if","locations":[{"start":{"line":43,"column":4},"end":{"line":47,"column":5}},{"start":{},"end":{}}],"line":43},"4":{"loc":{"start":{"line":51,"column":4},"end":{"line":53,"column":5}},"type":"if","locations":[{"start":{"line":51,"column":4},"end":{"line":53,"column":5}},{"start":{},"end":{}}],"line":51},"5":{"loc":{"start":{"line":110,"column":4},"end":{"line":110,"column":73}},"type":"if","locations":[{"start":{"line":110,"column":4},"end":{"line":110,"column":73}},{"start":{},"end":{}}],"line":110},"6":{"loc":{"start":{"line":142,"column":4},"end":{"line":144,"column":5}},"type":"if","locations":[{"start":{"line":142,"column":4},"end":{"line":144,"column":5}},{"start":{},"end":{}}],"line":142},"7":{"loc":{"start":{"line":171,"column":4},"end":{"line":175,"column":5}},"type":"if","locations":[{"start":{"line":171,"column":4},"end":{"line":175,"column":5}},{"start":{},"end":{}}],"line":171},"8":{"loc":{"start":{"line":190,"column":4},"end":{"line":190,"column":72}},"type":"if","locations":[{"start":{"line":190,"column":4},"end":{"line":190,"column":72}},{"start":{},"end":{}}],"line":190},"9":{"loc":{"start":{"line":192,"column":4},"end":{"line":194,"column":5}},"type":"if","locations":[{"start":{"line":192,"column":4},"end":{"line":194,"column":5}},{"start":{},"end":{}}],"line":192},"10":{"loc":{"start":{"line":196,"column":4},"end":{"line":200,"column":5}},"type":"if","locations":[{"start":{"line":196,"column":4},"end":{"line":200,"column":5}},{"start":{},"end":{}}],"line":196},"11":{"loc":{"start":{"line":218,"column":4},"end":{"line":220,"column":5}},"type":"if","locations":[{"start":{"line":218,"column":4},"end":{"line":220,"column":5}},{"start":{},"end":{}}],"line":218},"12":{"loc":{"start":{"line":243,"column":4},"end":{"line":245,"column":5}},"type":"if","locations":[{"start":{"line":243,"column":4},"end":{"line":245,"column":5}},{"start":{},"end":{}}],"line":243},"13":{"loc":{"start":{"line":269,"column":4},"end":{"line":271,"column":5}},"type":"if","locations":[{"start":{"line":269,"column":4},"end":{"line":271,"column":5}},{"start":{},"end":{}}],"line":269},"14":{"loc":{"start":{"line":286,"column":4},"end":{"line":288,"column":5}},"type":"if","locations":[{"start":{"line":286,"column":4},"end":{"line":288,"column":5}},{"start":{},"end":{}}],"line":286},"15":{"loc":{"start":{"line":295,"column":4},"end":{"line":297,"column":5}},"type":"if","locations":[{"start":{"line":295,"column":4},"end":{"line":297,"column":5}},{"start":{},"end":{}}],"line":295}},"s":{"0":2,"1":2,"2":2,"3":2,"4":3,"5":3,"6":3,"7":3,"8":3,"9":3,"10":1,"11":2,"12":2,"13":1,"14":1,"15":1,"16":1,"17":0,"18":2,"19":4,"20":4,"21":4,"22":1,"23":3,"24":3,"25":2,"26":1,"27":1,"28":0,"29":1,"30":1,"31":1,"32":1,"33":0,"34":2,"35":0,"36":0,"37":0,"38":0,"39":2,"40":0,"41":0,"42":0,"43":0,"44":0,"45":0,"46":0,"47":2,"48":0,"49":0,"50":0,"51":0,"52":0,"53":0,"54":2,"55":0,"56":0,"57":0,"58":0,"59":0,"60":0,"61":0,"62":0,"63":2,"64":0,"65":0,"66":0,"67":0,"68":0,"69":0,"70":0,"71":0,"72":0,"73":2,"74":0,"75":0,"76":0,"77":0,"78":0,"79":0,"80":0,"81":0,"82":0,"83":0,"84":0,"85":0,"86":0,"87":0,"88":2,"89":0,"90":0,"91":0,"92":0,"93":0,"94":0,"95":0,"96":0,"97":0,"98":0,"99":0,"100":0,"101":0,"102":0,"103":2,"104":0,"105":0,"106":0,"107":0,"108":0,"109":0,"110":0,"111":0,"112":0,"113":0,"114":2,"115":0,"116":0,"117":0,"118":0,"119":0,"120":0,"121":0,"122":0,"123":2,"124":0,"125":0,"126":0,"127":0,"128":0,"129":0,"130":0,"131":0,"132":0},"f":{"0":3,"1":4,"2":0,"3":0,"4":0,"5":0,"6":0,"7":0,"8":0,"9":0,"10":0,"11":0,"12":0,"13":0},"b":{"0":[1,2],"1":[1,1],"2":[1,3],"3":[2,1],"4":[0,1],"5":[0,0],"6":[0,0],"7":[0,0],"8":[0,0],"9":[0,0],"10":[0,0],"11":[0,0],"12":[0,0],"13":[0,0],"14":[0,0],"15":[0,0]},"_coverageSchema":"1a1c01bbd47fc00a2c39e90264f33305004495a9","hash":"cc382b5931af1218cfd7308f2ce5765a94cc401c"}
,"D:\\MON_HOC\\PHK-UI-Nhom03N01-ChatWave\\ChatWave\\server\\models\\groupModel.js": {"path":"D:\\MON_HOC\\PHK-UI-Nhom03N01-ChatWave\\ChatWave\\server\\models\\groupModel.js","statementMap":{"0":{"start":{"line":1,"column":17},"end":{"line":1,"column":36}},"1":{"start":{"line":3,"column":20},"end":{"line":29,"column":2}},"2":{"start":{"line":30,"column":0},"end":{"line":30,"column":54}}},"fnMap":{},"branchMap":{},"s":{"0":4,"1":4,"2":4},"f":{},"b":{},"_coverageSchema":"1a1c01bbd47fc00a2c39e90264f33305004495a9","hash":"c89a2c4523b02707bb16f17bfc51e8b37b2baafe"}
,"D:\\MON_HOC\\PHK-UI-Nhom03N01-ChatWave\\ChatWave\\server\\models\\messageModel.js": {"path":"D:\\MON_HOC\\PHK-UI-Nhom03N01-ChatWave\\ChatWave\\server\\models\\messageModel.js","statementMap":{"0":{"start":{"line":1,"column":17},"end":{"line":1,"column":36}},"1":{"start":{"line":3,"column":22},"end":{"line":31,"column":1}},"2":{"start":{"line":33,"column":0},"end":{"line":33,"column":59}}},"fnMap":{},"branchMap":{},"s":{"0":2,"1":2,"2":2},"f":{},"b":{},"_coverageSchema":"1a1c01bbd47fc00a2c39e90264f33305004495a9","hash":"d185ebc8a0a3c212690a02733eba09e6eeeaef31"}
,"D:\\MON_HOC\\PHK-UI-Nhom03N01-ChatWave\\ChatWave\\server\\models\\userModel.js": {"path":"D:\\MON_HOC\\PHK-UI-Nhom03N01-ChatWave\\ChatWave\\server\\models\\userModel.js","statementMap":{"0":{"start":{"line":1,"column":17},"end":{"line":1,"column":36}},"1":{"start":{"line":2,"column":19},"end":{"line":47,"column":2}},"2":{"start":{"line":49,"column":0},"end":{"line":49,"column":52}}},"fnMap":{},"branchMap":{},"s":{"0":4,"1":4,"2":4},"f":{},"b":{},"_coverageSchema":"1a1c01bbd47fc00a2c39e90264f33305004495a9","hash":"e4d7326459f99167d8e67187376283612ad2c5d1"}
,"D:\\MON_HOC\\PHK-UI-Nhom03N01-ChatWave\\ChatWave\\server\\routes\\auth.js": {"path":"D:\\MON_HOC\\PHK-UI-Nhom03N01-ChatWave\\ChatWave\\server\\routes\\auth.js","statementMap":{"0":{"start":{"line":15,"column":4},"end":{"line":15,"column":44}},"1":{"start":{"line":21,"column":4},"end":{"line":21,"column":45}},"2":{"start":{"line":22,"column":15},"end":{"line":22,"column":42}},"3":{"start":{"line":24,"column":0},"end":{"line":24,"column":29}},"4":{"start":{"line":25,"column":0},"end":{"line":25,"column":35}},"5":{"start":{"line":26,"column":0},"end":{"line":26,"column":41}},"6":{"start":{"line":27,"column":0},"end":{"line":27,"column":47}},"7":{"start":{"line":28,"column":0},"end":{"line":28,"column":42}},"8":{"start":{"line":30,"column":0},"end":{"line":30,"column":41}},"9":{"start":{"line":31,"column":0},"end":{"line":31,"column":34}},"10":{"start":{"line":32,"column":0},"end":{"line":32,"column":53}},"11":{"start":{"line":33,"column":0},"end":{"line":33,"column":57}},"12":{"start":{"line":34,"column":0},"end":{"line":34,"column":57}},"13":{"start":{"line":35,"column":0},"end":{"line":35,"column":57}},"14":{"start":{"line":36,"column":0},"end":{"line":36,"column":61}},"15":{"start":{"line":37,"column":0},"end":{"line":37,"column":63}},"16":{"start":{"line":38,"column":0},"end":{"line":38,"column":53}},"17":{"start":{"line":40,"column":0},"end":{"line":40,"column":53}},"18":{"start":{"line":42,"column":0},"end":{"line":42,"column":24}}},"fnMap":{},"branchMap":{},"s":{"0":2,"1":2,"2":2,"3":2,"4":2,"5":2,"6":2,"7":2,"8":2,"9":2,"10":2,"11":2,"12":2,"13":2,"14":2,"15":2,"16":2,"17":2,"18":2},"f":{},"b":{},"_coverageSchema":"1a1c01bbd47fc00a2c39e90264f33305004495a9","hash":"e29060fdb9e69158ee388d3e46346d5c14b274fc"}
,"D:\\MON_HOC\\PHK-UI-Nhom03N01-ChatWave\\ChatWave\\server\\routes\\group.js": {"path":"D:\\MON_HOC\\PHK-UI-Nhom03N01-ChatWave\\ChatWave\\server\\routes\\group.js","statementMap":{"0":{"start":{"line":2,"column":16},"end":{"line":2,"column":34}},"1":{"start":{"line":3,"column":92},"end":{"line":3,"column":133}},"2":{"start":{"line":5,"column":15},"end":{"line":5,"column":31}},"3":{"start":{"line":7,"column":0},"end":{"line":7,"column":36}},"4":{"start":{"line":8,"column":0},"end":{"line":8,"column":44}},"5":{"start":{"line":9,"column":0},"end":{"line":9,"column":46}},"6":{"start":{"line":10,"column":0},"end":{"line":10,"column":48}},"7":{"start":{"line":12,"column":0},"end":{"line":12,"column":24}}},"fnMap":{},"branchMap":{},"s":{"0":2,"1":2,"2":2,"3":2,"4":2,"5":2,"6":2,"7":2},"f":{},"b":{},"_coverageSchema":"1a1c01bbd47fc00a2c39e90264f33305004495a9","hash":"0107b5e3f2baa29c17c17e068f75fa2c9ececb3a"}
,"D:\\MON_HOC\\PHK-UI-Nhom03N01-ChatWave\\ChatWave\\server\\routes\\messages.js": {"path":"D:\\MON_HOC\\PHK-UI-Nhom03N01-ChatWave\\ChatWave\\server\\routes\\messages.js","statementMap":{"0":{"start":{"line":1,"column":36},"end":{"line":1,"column":79}},"1":{"start":{"line":2,"column":15},"end":{"line":2,"column":42}},"2":{"start":{"line":3,"column":15},"end":{"line":3,"column":35}},"3":{"start":{"line":4,"column":26},"end":{"line":4,"column":69}},"4":{"start":{"line":5,"column":0},"end":{"line":5,"column":35}},"5":{"start":{"line":6,"column":0},"end":{"line":6,"column":35}},"6":{"start":{"line":7,"column":0},"end":{"line":7,"column":83}},"7":{"start":{"line":9,"column":0},"end":{"line":9,"column":24}}},"fnMap":{},"branchMap":{},"s":{"0":2,"1":2,"2":2,"3":2,"4":2,"5":2,"6":2,"7":2},"f":{},"b":{},"_coverageSchema":"1a1c01bbd47fc00a2c39e90264f33305004495a9","hash":"e623cad43373e66de58c7b592252093bba618af0"}
}
