TN:
SF:upload.js
FN:6,(anonymous_0)
FN:9,(anonymous_1)
FN:15,(anonymous_2)
FNF:3
FNH:0
FNDA:0,(anonymous_0)
FNDA:0,(anonymous_1)
FNDA:0,(anonymous_2)
DA:1,2
DA:2,2
DA:5,2
DA:7,0
DA:10,0
DA:15,2
DA:16,0
DA:17,0
DA:18,0
DA:20,0
DA:21,0
DA:23,0
DA:26,2
DA:32,2
LF:14
LH:6
BRDA:20,0,0,0
BRDA:20,0,1,0
BRDA:20,1,0,0
BRDA:20,1,1,0
BRF:4
BRH:0
end_of_record
TN:
SF:controllers\groupController.js
FN:4,(anonymous_0)
FN:34,(anonymous_1)
FN:50,(anonymous_2)
FN:104,(anonymous_3)
FN:136,(anonymous_4)
FN:148,(anonymous_5)
FN:158,(anonymous_6)
FNF:7
FNH:3
FNDA:3,(anonymous_0)
FNDA:2,(anonymous_1)
FNDA:5,(anonymous_2)
FNDA:0,(anonymous_3)
FNDA:0,(anonymous_4)
FNDA:0,(anonymous_5)
FNDA:0,(anonymous_6)
DA:1,4
DA:2,4
DA:4,4
DA:5,3
DA:6,3
DA:7,3
DA:9,3
DA:10,1
DA:13,2
DA:14,1
DA:19,1
DA:26,1
DA:29,1
DA:31,1
DA:33,1
DA:35,2
DA:43,1
DA:45,0
DA:46,0
DA:50,4
DA:51,5
DA:52,5
DA:55,5
DA:56,5
DA:57,1
DA:58,1
DA:62,4
DA:63,4
DA:64,1
DA:65,1
DA:71,3
DA:72,3
DA:73,1
DA:74,1
DA:78,2
DA:79,1
DA:80,1
DA:86,1
DA:87,1
DA:90,0
DA:91,0
DA:93,0
DA:94,0
DA:97,1
DA:98,1
DA:104,4
DA:105,0
DA:106,0
DA:109,0
DA:110,0
DA:111,0
DA:115,0
DA:116,0
DA:117,0
DA:121,0
DA:122,0
DA:128,0
DA:129,0
DA:132,0
DA:135,0
DA:136,0
DA:140,0
DA:142,0
DA:144,0
DA:148,4
DA:149,0
DA:150,0
DA:152,0
DA:153,0
DA:154,0
DA:157,0
DA:158,0
DA:160,0
DA:162,0
DA:164,0
LF:75
LH:41
BRDA:9,0,0,1
BRDA:9,0,1,2
BRDA:13,1,0,1
BRDA:13,1,1,1
BRDA:13,2,0,2
BRDA:13,2,1,1
BRDA:56,3,0,1
BRDA:56,3,1,4
BRDA:63,4,0,1
BRDA:63,4,1,3
BRDA:72,5,0,1
BRDA:72,5,1,2
BRDA:78,6,0,1
BRDA:78,6,1,1
BRDA:90,7,0,0
BRDA:90,7,1,0
BRDA:110,8,0,0
BRDA:110,8,1,0
BRDA:116,9,0,0
BRDA:116,9,1,0
BRDA:121,10,0,0
BRDA:121,10,1,0
BRDA:153,11,0,0
BRDA:153,11,1,0
BRF:24
BRH:14
end_of_record
TN:
SF:controllers\messageController.js
FN:6,(anonymous_0)
FN:29,(anonymous_1)
FN:48,(anonymous_2)
FN:72,(anonymous_3)
FNF:4
FNH:3
FNDA:3,(anonymous_0)
FNDA:2,(anonymous_1)
FNDA:3,(anonymous_2)
FNDA:0,(anonymous_3)
DA:1,2
DA:2,2
DA:3,2
DA:6,2
DA:7,3
DA:8,3
DA:9,3
DA:12,3
DA:16,1
DA:21,2
DA:28,2
DA:29,2
DA:30,2
DA:36,2
DA:38,2
DA:40,0
DA:41,0
DA:48,2
DA:49,3
DA:50,3
DA:51,3
DA:52,1
DA:54,2
DA:60,1
DA:61,0
DA:63,1
DA:64,1
DA:72,2
DA:73,0
DA:74,0
DA:75,0
DA:81,0
DA:83,0
DA:85,0
DA:86,0
LF:35
LH:25
BRDA:12,0,0,1
BRDA:12,0,1,2
BRDA:13,1,0,3
BRDA:13,1,1,2
BRDA:51,2,0,1
BRDA:51,2,1,2
BRDA:51,3,0,3
BRDA:51,3,1,3
BRDA:51,3,2,3
BRDA:55,4,0,2
BRDA:55,4,1,2
BRDA:60,5,0,1
BRDA:60,5,1,0
BRDA:74,6,0,0
BRDA:74,6,1,0
BRF:15
BRH:12
end_of_record
TN:
SF:controllers\userController.js
FN:5,(anonymous_0)
FN:30,(anonymous_1)
FN:72,(anonymous_2)
FN:86,(anonymous_3)
FN:108,(anonymous_4)
FN:118,(anonymous_5)
FN:152,(anonymous_6)
FN:184,(anonymous_7)
FN:212,(anonymous_8)
FN:223,(anonymous_9)
FN:238,(anonymous_10)
FN:248,(anonymous_11)
FN:260,(anonymous_12)
FN:281,(anonymous_13)
FNF:14
FNH:2
FNDA:3,(anonymous_0)
FNDA:4,(anonymous_1)
FNDA:0,(anonymous_2)
FNDA:0,(anonymous_3)
FNDA:0,(anonymous_4)
FNDA:0,(anonymous_5)
FNDA:0,(anonymous_6)
FNDA:0,(anonymous_7)
FNDA:0,(anonymous_8)
FNDA:0,(anonymous_9)
FNDA:0,(anonymous_10)
FNDA:0,(anonymous_11)
FNDA:0,(anonymous_12)
FNDA:0,(anonymous_13)
DA:1,2
DA:2,2
DA:3,2
DA:5,2
DA:6,3
DA:7,3
DA:8,3
DA:9,3
DA:10,3
DA:11,3
DA:12,1
DA:16,2
DA:17,2
DA:18,1
DA:22,1
DA:23,1
DA:24,1
DA:26,0
DA:30,2
DA:31,4
DA:32,4
DA:35,4
DA:36,1
DA:42,3
DA:43,3
DA:44,2
DA:50,1
DA:51,1
DA:52,0
DA:56,1
DA:57,1
DA:65,1
DA:66,1
DA:68,0
DA:72,2
DA:73,0
DA:74,0
DA:80,0
DA:82,0
DA:86,2
DA:87,0
DA:88,0
DA:89,0
DA:90,0
DA:91,0
DA:99,0
DA:104,0
DA:108,2
DA:109,0
DA:110,0
DA:111,0
DA:112,0
DA:114,0
DA:118,2
DA:119,0
DA:120,0
DA:121,0
DA:123,0
DA:142,0
DA:143,0
DA:146,0
DA:148,0
DA:152,2
DA:153,0
DA:154,0
DA:155,0
DA:158,0
DA:171,0
DA:172,0
DA:177,0
DA:179,0
DA:180,0
DA:184,2
DA:185,0
DA:186,0
DA:187,0
DA:188,0
DA:190,0
DA:192,0
DA:193,0
DA:196,0
DA:197,0
DA:202,0
DA:203,0
DA:205,0
DA:207,0
DA:212,2
DA:213,0
DA:214,0
DA:215,0
DA:216,0
DA:218,0
DA:219,0
DA:222,0
DA:223,0
DA:225,0
DA:226,0
DA:228,0
DA:229,0
DA:231,0
DA:233,0
DA:238,2
DA:239,0
DA:240,0
DA:241,0
DA:243,0
DA:244,0
DA:247,0
DA:248,0
DA:251,0
DA:253,0
DA:255,0
DA:260,2
DA:261,0
DA:262,0
DA:264,0
DA:269,0
DA:270,0
DA:273,0
DA:275,0
DA:277,0
DA:281,2
DA:282,0
DA:283,0
DA:286,0
DA:287,0
DA:291,0
DA:295,0
DA:296,0
DA:300,0
DA:302,0
LF:131
LH:41
BRDA:11,0,0,1
BRDA:11,0,1,2
BRDA:17,1,0,1
BRDA:17,1,1,1
BRDA:35,2,0,1
BRDA:35,2,1,3
BRDA:43,3,0,2
BRDA:43,3,1,1
BRDA:51,4,0,0
BRDA:51,4,1,1
BRDA:110,5,0,0
BRDA:110,5,1,0
BRDA:142,6,0,0
BRDA:142,6,1,0
BRDA:171,7,0,0
BRDA:171,7,1,0
BRDA:190,8,0,0
BRDA:190,8,1,0
BRDA:192,9,0,0
BRDA:192,9,1,0
BRDA:196,10,0,0
BRDA:196,10,1,0
BRDA:218,11,0,0
BRDA:218,11,1,0
BRDA:243,12,0,0
BRDA:243,12,1,0
BRDA:269,13,0,0
BRDA:269,13,1,0
BRDA:286,14,0,0
BRDA:286,14,1,0
BRDA:295,15,0,0
BRDA:295,15,1,0
BRF:32
BRH:9
end_of_record
TN:
SF:models\groupModel.js
FNF:0
FNH:0
DA:1,4
DA:3,4
DA:30,4
LF:3
LH:3
BRF:0
BRH:0
end_of_record
TN:
SF:models\messageModel.js
FNF:0
FNH:0
DA:1,2
DA:3,2
DA:33,2
LF:3
LH:3
BRF:0
BRH:0
end_of_record
TN:
SF:models\userModel.js
FNF:0
FNH:0
DA:1,4
DA:2,4
DA:49,4
LF:3
LH:3
BRF:0
BRH:0
end_of_record
TN:
SF:routes\auth.js
FNF:0
FNH:0
DA:15,2
DA:21,2
DA:22,2
DA:24,2
DA:25,2
DA:26,2
DA:27,2
DA:28,2
DA:30,2
DA:31,2
DA:32,2
DA:33,2
DA:34,2
DA:35,2
DA:36,2
DA:37,2
DA:38,2
DA:40,2
DA:42,2
LF:19
LH:19
BRF:0
BRH:0
end_of_record
TN:
SF:routes\group.js
FNF:0
FNH:0
DA:2,2
DA:3,2
DA:5,2
DA:7,2
DA:8,2
DA:9,2
DA:10,2
DA:12,2
LF:8
LH:8
BRF:0
BRH:0
end_of_record
TN:
SF:routes\messages.js
FNF:0
FNH:0
DA:1,2
DA:2,2
DA:3,2
DA:4,2
DA:5,2
DA:6,2
DA:7,2
DA:9,2
LF:8
LH:8
BRF:0
BRH:0
end_of_record
